<?xml version="1.0" encoding="UTF-8"?>
<testng-results skipped="0" failed="0" total="6" passed="6">
  <reporter-output>
  </reporter-output>
  <suite name="Default suite" duration-ms="323027" started-at="2013-03-16T12:15:25Z" finished-at="2013-03-16T12:20:48Z">
    <groups>
      <group name="Roma">
        <method signature="Task9.VerifySorting(java.lang.String, java.lang.String)[pri:0, instance:Team.Task.Task9@229220cb]" name="VerifySorting" class="Team.Task.Task9"/>
      </group> <!-- Roma -->
    </groups>
    <test name="Default test" duration-ms="323027" started-at="2013-03-16T12:15:25Z" finished-at="2013-03-16T12:20:48Z">
      <class name="Team.Task.Task9">
        <test-method status="PASS" signature="setUP()[pri:0, instance:Team.Task.Task9@229220cb]" name="setUP" is-config="true" duration-ms="30679" started-at="2013-03-16T14:15:25Z" finished-at="2013-03-16T14:15:56Z">
          <reporter-output>
          </reporter-output>
        </test-method> <!-- setUP -->
        <test-method status="PASS" signature="VerifySorting(java.lang.String, java.lang.String)[pri:0, instance:Team.Task.Task9@229220cb]" name="VerifySorting" duration-ms="37021" started-at="2013-03-16T14:15:56Z" data-provider="data" finished-at="2013-03-16T14:16:33Z">
          <params>
            <param index="0">
              <value>
                <![CDATA[Компьютеры и ноутбуки]]>
              </value>
            </param>
            <param index="1">
              <value>
                <![CDATA[Процессоры]]>
              </value>
            </param>
          </params>
          <reporter-output>
          </reporter-output>
        </test-method> <!-- VerifySorting -->
        <test-method status="PASS" signature="VerifySorting(java.lang.String, java.lang.String)[pri:0, instance:Team.Task.Task9@229220cb]" name="VerifySorting" duration-ms="40830" started-at="2013-03-16T14:16:33Z" data-provider="data" finished-at="2013-03-16T14:17:14Z">
          <params>
            <param index="0">
              <value>
                <![CDATA[Телефоны, MP3, планшеты, GPS]]>
              </value>
            </param>
            <param index="1">
              <value>
                <![CDATA[Смартфоны]]>
              </value>
            </param>
          </params>
          <reporter-output>
          </reporter-output>
        </test-method> <!-- VerifySorting -->
        <test-method status="PASS" signature="VerifySorting(java.lang.String, java.lang.String)[pri:0, instance:Team.Task.Task9@229220cb]" name="VerifySorting" duration-ms="44924" started-at="2013-03-16T14:17:14Z" data-provider="data" finished-at="2013-03-16T14:17:59Z">
          <params>
            <param index="0">
              <value>
                <![CDATA[ТВ, Аудио/Видео, Фото]]>
              </value>
            </param>
            <param index="1">
              <value>
                <![CDATA[Видеокамеры]]>
              </value>
            </param>
          </params>
          <reporter-output>
          </reporter-output>
        </test-method> <!-- VerifySorting -->
        <test-method status="PASS" signature="VerifySorting(java.lang.String, java.lang.String)[pri:0, instance:Team.Task.Task9@229220cb]" name="VerifySorting" duration-ms="46129" started-at="2013-03-16T14:17:59Z" data-provider="data" finished-at="2013-03-16T14:18:45Z">
          <params>
            <param index="0">
              <value>
                <![CDATA[Игры, подарки, гаджеты]]>
              </value>
            </param>
            <param index="1">
              <value>
                <![CDATA[Материнские платы]]>
              </value>
            </param>
          </params>
          <reporter-output>
          </reporter-output>
        </test-method> <!-- VerifySorting -->
        <test-method status="PASS" signature="VerifySorting(java.lang.String, java.lang.String)[pri:0, instance:Team.Task.Task9@229220cb]" name="VerifySorting" duration-ms="77082" started-at="2013-03-16T14:18:45Z" data-provider="data" finished-at="2013-03-16T14:20:02Z">
          <params>
            <param index="0">
              <value>
                <![CDATA[Активный отдых и туризм]]>
              </value>
            </param>
            <param index="1">
              <value>
                <![CDATA[Мячи для командных игр]]>
              </value>
            </param>
          </params>
          <reporter-output>
          </reporter-output>
        </test-method> <!-- VerifySorting -->
        <test-method status="PASS" signature="VerifySorting(java.lang.String, java.lang.String)[pri:0, instance:Team.Task.Task9@229220cb]" name="VerifySorting" duration-ms="43986" started-at="2013-03-16T14:20:02Z" data-provider="data" finished-at="2013-03-16T14:20:46Z">
          <params>
            <param index="0">
              <value>
                <![CDATA[Детский мир]]>
              </value>
            </param>
            <param index="1">
              <value>
                <![CDATA[Детские коляски]]>
              </value>
            </param>
          </params>
          <reporter-output>
          </reporter-output>
        </test-method> <!-- VerifySorting -->
        <test-method status="PASS" signature="turnDown()[pri:0, instance:Team.Task.Task9@229220cb]" name="turnDown" is-config="true" duration-ms="2000" started-at="2013-03-16T14:20:46Z" finished-at="2013-03-16T14:20:48Z">
          <reporter-output>
          </reporter-output>
        </test-method> <!-- turnDown -->
      </class> <!-- Team.Task.Task9 -->
    </test> <!-- Default test -->
  </suite> <!-- Default suite -->
</testng-results>
