<?xml version="1.0" encoding="UTF-8"?>
<testng-results skipped="0" failed="0" total="1" passed="1">
  <reporter-output>
  </reporter-output>
  <suite name="Default suite" duration-ms="13531" started-at="2013-02-28T10:24:06Z" finished-at="2013-02-28T10:24:19Z">
    <groups>
    </groups>
    <test name="Default test" duration-ms="13531" started-at="2013-02-28T10:24:06Z" finished-at="2013-02-28T10:24:19Z">
      <class name="Team.Task.Task6">
        <test-method status="PASS" signature="setUp()[pri:0, instance:Team.Task.Task6@99f610]" name="setUp" is-config="true" duration-ms="8047" started-at="2013-02-28T12:24:06Z" finished-at="2013-02-28T12:24:14Z">
          <reporter-output>
          </reporter-output>
        </test-method> <!-- setUp -->
        <test-method status="PASS" signature="LoginAc()[pri:0, instance:Team.Task.Task6@99f610]" name="LoginAc" duration-ms="4781" started-at="2013-02-28T12:24:14Z" finished-at="2013-02-28T12:24:18Z">
          <reporter-output>
          </reporter-output>
        </test-method> <!-- LoginAc -->
        <test-method status="PASS" signature="tearDown()[pri:0, instance:Team.Task.Task6@99f610]" name="tearDown" is-config="true" duration-ms="687" started-at="2013-02-28T12:24:18Z" finished-at="2013-02-28T12:24:19Z">
          <reporter-output>
          </reporter-output>
        </test-method> <!-- tearDown -->
      </class> <!-- Team.Task.Task6 -->
    </test> <!-- Default test -->
  </suite> <!-- Default suite -->
</testng-results>
